\BOOKMARK [1][-]{section.1}{Introduction}{}% 1
\BOOKMARK [2][-]{subsection.1.1}{System Overview}{section.1}% 2
\BOOKMARK [2][-]{subsection.1.2}{System Configuration}{section.1}% 3
<<<<<<< HEAD
\BOOKMARK [1][-]{section.2}{Installation}{}% 4
\BOOKMARK [1][-]{section.3}{Getting Started}{}% 5
\BOOKMARK [1][-]{section.4}{Usage}{}% 6
\BOOKMARK [2][-]{subsection.4.1}{Interactions}{section.4}% 7
\BOOKMARK [2][-]{subsection.4.2}{Start Menu}{section.4}% 8
\BOOKMARK [2][-]{subsection.4.3}{Get Started}{section.4}% 9
\BOOKMARK [3][-]{subsubsection.4.3.1}{Create graph}{subsection.4.3}% 10
\BOOKMARK [2][-]{subsection.4.4}{Load existing graph}{section.4}% 11
=======
\BOOKMARK [3][-]{subsubsection.1.2.1}{Dependency Requirements \(Development\)}{subsection.1.2}% 4
\BOOKMARK [3][-]{subsubsection.1.2.2}{Dependency Requirements \(Compiled App\)}{subsection.1.2}% 5
\BOOKMARK [1][-]{section.2}{Installation}{}% 6
\BOOKMARK [1][-]{section.3}{Getting Started}{}% 7
\BOOKMARK [2][-]{subsection.3.1}{On Mobile}{section.3}% 8
\BOOKMARK [2][-]{subsection.3.2}{On Desktop}{section.3}% 9
\BOOKMARK [1][-]{section.4}{Usage}{}% 10
\BOOKMARK [1][-]{section.5}{Troubleshooting}{}% 11
>>>>>>> 20d11c18c52b8d4f5ebe1c5649b400f6e044e112
